<?xml version="1.0" encoding="UTF-8"?>
<testng-results skipped="0" failed="0" ignored="0" total="3" passed="3">
  <reporter-output>
  </reporter-output>
  <suite name="Default suite" duration-ms="111557" started-at="2021-03-08T05:30:36Z" finished-at="2021-03-08T05:32:28Z">
    <groups>
    </groups>
    <test name="Default test" duration-ms="111557" started-at="2021-03-08T05:30:36Z" finished-at="2021-03-08T05:32:28Z">
      <class name="Lennox.CodingRound">
        <test-method status="PASS" signature="openbrowser()[pri:0, instance:Lennox.CodingRound@1e88b3c]" name="openbrowser" is-config="true" duration-ms="182" started-at="2021-03-08T11:00:36Z" finished-at="2021-03-08T11:00:37Z">
          <reporter-output>
          </reporter-output>
        </test-method> <!-- openbrowser -->
        <test-method status="PASS" signature="LaunchandLogin()[pri:0, instance:Lennox.CodingRound@1e88b3c]" name="LaunchandLogin" duration-ms="47921" started-at="2021-03-08T11:00:37Z" finished-at="2021-03-08T11:01:25Z">
          <reporter-output>
          </reporter-output>
        </test-method> <!-- LaunchandLogin -->
        <test-method status="PASS" signature="getResult(org.testng.ITestResult)[pri:0, instance:Lennox.CodingRound@1e88b3c]" name="getResult" is-config="true" duration-ms="4" started-at="2021-03-08T11:01:25Z" finished-at="2021-03-08T11:01:25Z">
          <params>
            <param index="0">
              <value>
                <![CDATA[[TestResult name=LaunchandLogin status=SUCCESS method=CodingRound.LaunchandLogin()[pri:0, instance:Lennox.CodingRound@1e88b3c] output={null}]]]>
              </value>
            </param>
          </params>
          <reporter-output>
          </reporter-output>
        </test-method> <!-- getResult -->
        <test-method status="PASS" signature="CreateLead()[pri:1, instance:Lennox.CodingRound@1e88b3c]" name="CreateLead" duration-ms="13496" started-at="2021-03-08T11:01:25Z" finished-at="2021-03-08T11:01:38Z">
          <reporter-output>
          </reporter-output>
        </test-method> <!-- CreateLead -->
        <test-method status="PASS" signature="getResult(org.testng.ITestResult)[pri:0, instance:Lennox.CodingRound@1e88b3c]" name="getResult" is-config="true" duration-ms="1" started-at="2021-03-08T11:01:38Z" finished-at="2021-03-08T11:01:38Z">
          <params>
            <param index="0">
              <value>
                <![CDATA[[TestResult name=CreateLead status=SUCCESS method=CodingRound.CreateLead()[pri:1, instance:Lennox.CodingRound@1e88b3c] output={null}]]]>
              </value>
            </param>
          </params>
          <reporter-output>
          </reporter-output>
        </test-method> <!-- getResult -->
        <test-method status="PASS" signature="CreateNew()[pri:2, instance:Lennox.CodingRound@1e88b3c]" name="CreateNew" duration-ms="49112" started-at="2021-03-08T11:01:38Z" finished-at="2021-03-08T11:02:27Z">
          <reporter-output>
          </reporter-output>
        </test-method> <!-- CreateNew -->
        <test-method status="PASS" signature="getResult(org.testng.ITestResult)[pri:0, instance:Lennox.CodingRound@1e88b3c]" name="getResult" is-config="true" duration-ms="0" started-at="2021-03-08T11:02:27Z" finished-at="2021-03-08T11:02:27Z">
          <params>
            <param index="0">
              <value>
                <![CDATA[[TestResult name=CreateNew status=SUCCESS method=CodingRound.CreateNew()[pri:2, instance:Lennox.CodingRound@1e88b3c] output={null}]]]>
              </value>
            </param>
          </params>
          <reporter-output>
          </reporter-output>
        </test-method> <!-- getResult -->
        <test-method status="PASS" signature="endReport()[pri:0, instance:Lennox.CodingRound@1e88b3c]" name="endReport" is-config="true" duration-ms="818" started-at="2021-03-08T11:02:27Z" finished-at="2021-03-08T11:02:28Z">
          <reporter-output>
          </reporter-output>
        </test-method> <!-- endReport -->
      </class> <!-- Lennox.CodingRound -->
    </test> <!-- Default test -->
  </suite> <!-- Default suite -->
</testng-results>
