<?xml version="1.0" encoding="UTF-8"?>
<!-- Generated by org.testng.reporters.JUnitXMLReporter -->
<testsuite hostname="PC392" ignored="0" name="Default test" tests="3" failures="0" timestamp="06 Mar 2021 20:26:25 GMT" time="154.038" errors="0">
  <testcase name="LaunchandLogin" time="56.5" classname="Lennox.CodingRound"/>
  <testcase name="CreateLead" time="17.339" classname="Lennox.CodingRound"/>
  <testcase name="CreateNew" time="78.147" classname="Lennox.CodingRound"/>
</testsuite> <!-- Default test -->
