<?xml version="1.0" encoding="UTF-8"?>
<!-- Generated by org.testng.reporters.JUnitXMLReporter -->
<testsuite hostname="PC392" ignored="0" name="Default test" tests="3" failures="0" timestamp="08 Mar 2021 06:01:28 GMT" time="163.423" errors="0">
  <testcase name="LaunchandLogin" time="66.873" classname="Lennox.CodingRound"/>
  <testcase name="CreateLead" time="13.146" classname="Lennox.CodingRound"/>
  <testcase name="CreateNew" time="74.296" classname="Lennox.CodingRound"/>
</testsuite> <!-- Default test -->
